2017-11-30 14:49:00 INFO  TestBase:134 - navigating to :-file:///Users/bsingh5/git/POMWithPageFactoryFramework/project/demoSite.htm
2017-11-30 14:49:09 INFO  TestBase:285 - browser closed
2017-11-30 14:55:23 INFO  TestBase:134 - navigating to :-file:C:\Users\Sitaram\git\PageObjectWithPageFactoryFramework\project\demoSite.htm
2017-11-30 14:56:18 INFO  TestBase:285 - browser closed
2017-11-30 15:00:03 INFO  TestBase:142 - navigating to :-file:C:\Users\Sitaram\git\PageObjectWithPageFactoryFramework\project\demoSite.htm
2017-11-30 15:01:31 INFO  TestBase:293 - browser closed
2017-11-30 15:02:14 INFO  TestBase:142 - navigating to :-file:C:\Users\Sitaram\git\PageObjectWithPageFactoryFramework\project\demoSite.htm
2017-11-30 15:03:00 INFO  TC001_VerifyLoginWithInvalidCredentailsToAutoMationPractices:27 - =========== Starting verifyLoginWithInvalidCredentails Test=============
2017-11-30 15:03:01 INFO  TestBase:293 - browser closed
2017-11-30 19:12:47 INFO  TestBase:142 - navigating to :-https://www.technavio.com/
2017-11-30 19:12:55 INFO  TestBase:25 - =========== Starting verifyLoginWithInvalidCredentails Test=============
2017-11-30 19:12:55 INFO  TestBase:30 - =========== Finished verifyLoginWithInvalidCredentails Test=============
2017-11-30 19:12:55 INFO  TestBase:293 - browser closed
2017-11-30 19:35:16 INFO  TestBase:147 - navigating to :-https://www.technavio.com/
2017-11-30 19:35:24 INFO  TestBase:25 - =========== Starting verifyLoginWithInvalidCredentails Test=============
2017-11-30 19:35:25 INFO  TestBase:312 - browser closed
2017-11-30 19:39:14 INFO  TestBase:147 - navigating to :-https://www.technavio.com/
2017-11-30 19:39:24 INFO  TestBase:25 - =========== Starting verifyLoginWithInvalidCredentails Test=============
2017-11-30 19:39:57 INFO  TestBase:30 - =========== Finished verifyLoginWithInvalidCredentails Test=============
2017-11-30 19:39:59 INFO  TestBase:312 - browser closed
2017-11-30 19:45:02 INFO  TestBase:147 - navigating to :-https://www.technavio.com/
2017-11-30 19:45:12 INFO  TestBase:26 - =========== Starting verifyLoginWithInvalidCredentails Test=============
2017-11-30 19:45:18 INFO  TestBase:31 - =========== Finished verifyLoginWithInvalidCredentails Test=============
2017-11-30 19:52:38 INFO  TestBase:147 - navigating to :-https://www.technavio.com/
2017-11-30 19:52:48 INFO  TestBase:25 - =========== Starting verifyLoginWithInvalidCredentails Test=============
2017-11-30 19:54:00 INFO  TestBase:147 - navigating to :-https://www.technavio.com/
2017-11-30 19:54:08 INFO  TestBase:25 - =========== Starting verifyLoginWithInvalidCredentails Test=============
2017-11-30 19:54:56 INFO  TestBase:147 - navigating to :-https://www.technavio.com/
2017-11-30 19:55:05 INFO  TestBase:25 - =========== Starting verifyLoginWithInvalidCredentails Test=============
2017-11-30 19:55:13 INFO  TestBase:31 - =======Get Search Report title===
2017-11-30 19:55:13 INFO  TestBase:33 - =========== Finished verifyLoginWithInvalidCredentails Test=============
2017-11-30 20:13:35 INFO  TestBase:147 - navigating to :-https://www.technavio.com/
2017-11-30 20:13:45 INFO  TestBase:26 - =========== Starting verifyLoginWithInvalidCredentails Test=============
2017-11-30 20:13:51 INFO  TestBase:32 - =======Get Search Report title===
2017-11-30 20:16:09 INFO  TestBase:147 - navigating to :-https://www.technavio.com/
2017-11-30 20:16:20 INFO  TestBase:26 - =========== Starting verifyLoginWithInvalidCredentails Test=============
2017-11-30 20:16:29 INFO  TestBase:32 - =======Get Search Report title===
2017-11-30 20:16:29 INFO  TestBase:55 - Browser closed
2017-11-30 20:18:10 INFO  TestBase:147 - navigating to :-https://www.technavio.com/
2017-11-30 20:18:20 INFO  TestBase:26 - =========== Starting verifyLoginWithInvalidCredentails Test=============
2017-11-30 20:18:25 INFO  TestBase:32 - =======Get Search Report title===
2017-11-30 20:18:25 INFO  TestBase:55 - Browser closed
2017-11-30 20:19:19 INFO  TestBase:147 - navigating to :-https://www.technavio.com/
2017-11-30 20:19:30 INFO  TestBase:26 - =========== Starting verifyLoginWithInvalidCredentails Test=============
2017-11-30 20:19:37 INFO  TestBase:32 - =======Get Search Report title===
2017-11-30 20:19:37 INFO  TestBase:61 - Browser closed
2017-12-01 12:23:12 INFO  TestBase:147 - navigating to :-https://www.technavio.com/
2017-12-01 12:23:21 INFO  TC002_VerifyRegistration:35 - =======started verifyRegistration Test===========
2017-12-01 12:23:22 INFO  TC002_VerifyRegistration:47 - org.openqa.selenium.NoSuchElementException: no such element: Unable to locate element: {"method":"id","selector":"PreviewFrame"}
  (Session info: chrome=62.0.3202.94)
  (Driver info: chromedriver=2.28.455520 (cc17746adff54984afff480136733114c6b3704b),platform=Windows NT 6.3.9600 x86_64) (WARNING: The server did not provide any stacktrace information)
Command duration or timeout: 687 milliseconds
For documentation on this error, please visit: http://seleniumhq.org/exceptions/no_such_element.html
Build info: version: '3.0.1', revision: '1969d75', time: '2016-10-18 09:49:13 -0700'
System info: host: 'IR-347', ip: '10.10.100.147', os.name: 'Windows 8.1', os.arch: 'amd64', os.version: '6.3', java.version: '1.8.0_111'
Driver info: org.openqa.selenium.chrome.ChromeDriver
Capabilities [{applicationCacheEnabled=false, rotatable=false, mobileEmulationEnabled=false, networkConnectionEnabled=false, chrome={chromedriverVersion=2.28.455520 (cc17746adff54984afff480136733114c6b3704b), userDataDir=C:\Users\Sitaram\AppData\Local\Temp\scoped_dir18608_9757}, takesHeapSnapshot=true, pageLoadStrategy=normal, databaseEnabled=false, handlesAlerts=true, hasTouchScreen=false, version=62.0.3202.94, platform=WIN8_1, browserConnectionEnabled=false, nativeEvents=true, acceptSslCerts=true, locationContextEnabled=true, webStorageEnabled=true, browserName=chrome, takesScreenshot=true, javascriptEnabled=true, cssSelectorsEnabled=true, unexpectedAlertBehaviour=}]
Session ID: 2b0f144dad4a66261e2802a1a9ff1576
*** Element info: {Using=id, value=PreviewFrame}
2017-12-01 12:23:22 INFO  HomePage:185 - switched to the default Content
2017-12-01 12:23:24 INFO  Retry:37 - Retrying test verifyRegistration with status FAILURE for the 1 time(s).
2017-12-01 12:23:24 INFO  TC002_VerifyRegistration:35 - =======started verifyRegistration Test===========
2017-12-01 12:23:24 INFO  TC002_VerifyRegistration:47 - org.openqa.selenium.NoSuchElementException: no such element: Unable to locate element: {"method":"id","selector":"PreviewFrame"}
  (Session info: chrome=62.0.3202.94)
  (Driver info: chromedriver=2.28.455520 (cc17746adff54984afff480136733114c6b3704b),platform=Windows NT 6.3.9600 x86_64) (WARNING: The server did not provide any stacktrace information)
Command duration or timeout: 39 milliseconds
For documentation on this error, please visit: http://seleniumhq.org/exceptions/no_such_element.html
Build info: version: '3.0.1', revision: '1969d75', time: '2016-10-18 09:49:13 -0700'
System info: host: 'IR-347', ip: '10.10.100.147', os.name: 'Windows 8.1', os.arch: 'amd64', os.version: '6.3', java.version: '1.8.0_111'
Driver info: org.openqa.selenium.chrome.ChromeDriver
Capabilities [{applicationCacheEnabled=false, rotatable=false, mobileEmulationEnabled=false, networkConnectionEnabled=false, chrome={chromedriverVersion=2.28.455520 (cc17746adff54984afff480136733114c6b3704b), userDataDir=C:\Users\Sitaram\AppData\Local\Temp\scoped_dir18608_9757}, takesHeapSnapshot=true, pageLoadStrategy=normal, databaseEnabled=false, handlesAlerts=true, hasTouchScreen=false, version=62.0.3202.94, platform=WIN8_1, browserConnectionEnabled=false, nativeEvents=true, acceptSslCerts=true, locationContextEnabled=true, webStorageEnabled=true, browserName=chrome, takesScreenshot=true, javascriptEnabled=true, cssSelectorsEnabled=true, unexpectedAlertBehaviour=}]
Session ID: 2b0f144dad4a66261e2802a1a9ff1576
*** Element info: {Using=id, value=PreviewFrame}
2017-12-01 12:23:24 INFO  HomePage:185 - switched to the default Content
2017-12-01 12:23:25 INFO  Retry:37 - Retrying test verifyRegistration with status FAILURE for the 2 time(s).
2017-12-01 12:23:25 INFO  TC002_VerifyRegistration:35 - =======started verifyRegistration Test===========
2017-12-01 12:23:25 INFO  TC002_VerifyRegistration:47 - org.openqa.selenium.NoSuchElementException: no such element: Unable to locate element: {"method":"id","selector":"PreviewFrame"}
  (Session info: chrome=62.0.3202.94)
  (Driver info: chromedriver=2.28.455520 (cc17746adff54984afff480136733114c6b3704b),platform=Windows NT 6.3.9600 x86_64) (WARNING: The server did not provide any stacktrace information)
Command duration or timeout: 144 milliseconds
For documentation on this error, please visit: http://seleniumhq.org/exceptions/no_such_element.html
Build info: version: '3.0.1', revision: '1969d75', time: '2016-10-18 09:49:13 -0700'
System info: host: 'IR-347', ip: '10.10.100.147', os.name: 'Windows 8.1', os.arch: 'amd64', os.version: '6.3', java.version: '1.8.0_111'
Driver info: org.openqa.selenium.chrome.ChromeDriver
Capabilities [{applicationCacheEnabled=false, rotatable=false, mobileEmulationEnabled=false, networkConnectionEnabled=false, chrome={chromedriverVersion=2.28.455520 (cc17746adff54984afff480136733114c6b3704b), userDataDir=C:\Users\Sitaram\AppData\Local\Temp\scoped_dir18608_9757}, takesHeapSnapshot=true, pageLoadStrategy=normal, databaseEnabled=false, handlesAlerts=true, hasTouchScreen=false, version=62.0.3202.94, platform=WIN8_1, browserConnectionEnabled=false, nativeEvents=true, acceptSslCerts=true, locationContextEnabled=true, webStorageEnabled=true, browserName=chrome, takesScreenshot=true, javascriptEnabled=true, cssSelectorsEnabled=true, unexpectedAlertBehaviour=}]
Session ID: 2b0f144dad4a66261e2802a1a9ff1576
*** Element info: {Using=id, value=PreviewFrame}
2017-12-01 12:23:25 INFO  HomePage:185 - switched to the default Content
2017-12-01 12:23:27 INFO  Retry:37 - Retrying test verifyRegistration with status FAILURE for the 3 time(s).
2017-12-01 12:23:27 INFO  TC002_VerifyRegistration:35 - =======started verifyRegistration Test===========
2017-12-01 12:23:27 INFO  TC002_VerifyRegistration:47 - org.openqa.selenium.NoSuchElementException: no such element: Unable to locate element: {"method":"id","selector":"PreviewFrame"}
  (Session info: chrome=62.0.3202.94)
  (Driver info: chromedriver=2.28.455520 (cc17746adff54984afff480136733114c6b3704b),platform=Windows NT 6.3.9600 x86_64) (WARNING: The server did not provide any stacktrace information)
Command duration or timeout: 35 milliseconds
For documentation on this error, please visit: http://seleniumhq.org/exceptions/no_such_element.html
Build info: version: '3.0.1', revision: '1969d75', time: '2016-10-18 09:49:13 -0700'
System info: host: 'IR-347', ip: '10.10.100.147', os.name: 'Windows 8.1', os.arch: 'amd64', os.version: '6.3', java.version: '1.8.0_111'
Driver info: org.openqa.selenium.chrome.ChromeDriver
Capabilities [{applicationCacheEnabled=false, rotatable=false, mobileEmulationEnabled=false, networkConnectionEnabled=false, chrome={chromedriverVersion=2.28.455520 (cc17746adff54984afff480136733114c6b3704b), userDataDir=C:\Users\Sitaram\AppData\Local\Temp\scoped_dir18608_9757}, takesHeapSnapshot=true, pageLoadStrategy=normal, databaseEnabled=false, handlesAlerts=true, hasTouchScreen=false, version=62.0.3202.94, platform=WIN8_1, browserConnectionEnabled=false, nativeEvents=true, acceptSslCerts=true, locationContextEnabled=true, webStorageEnabled=true, browserName=chrome, takesScreenshot=true, javascriptEnabled=true, cssSelectorsEnabled=true, unexpectedAlertBehaviour=}]
Session ID: 2b0f144dad4a66261e2802a1a9ff1576
*** Element info: {Using=id, value=PreviewFrame}
2017-12-01 12:23:27 INFO  HomePage:185 - switched to the default Content
2017-12-01 12:23:29 INFO  TestBase:312 - browser closed
2017-12-01 12:23:34 INFO  TestBase:147 - navigating to :-https://www.technavio.com/
2017-12-01 12:23:48 INFO  TC003_VerifyLoginWithDifferentRecords:45 - ============= Strting VerifyLoginWithDifferentRecords Test===========
2017-12-01 12:23:49 INFO  TC003_VerifyLoginWithDifferentRecords:45 - ============= Strting VerifyLoginWithDifferentRecords Test===========
2017-12-01 12:23:50 INFO  TC003_VerifyLoginWithDifferentRecords:45 - ============= Strting VerifyLoginWithDifferentRecords Test===========
2017-12-01 12:23:51 INFO  TestBase:312 - browser closed
2017-12-01 12:23:57 INFO  TestBase:147 - navigating to :-https://www.technavio.com/
2017-12-01 12:24:10 INFO  TestBase:25 - =======Starting verifyAaddToCart test========
2017-12-01 12:24:11 INFO  TestBase:312 - browser closed
2017-12-01 12:24:15 INFO  TestBase:147 - navigating to :-https://www.technavio.com/
2017-12-01 12:24:27 INFO  TestBase:36 - =======Starting verifyFacebookLink test========
2017-12-01 12:24:28 INFO  TestBase:312 - browser closed
2017-12-01 12:24:32 INFO  TestBase:147 - navigating to :-https://www.technavio.com/
2017-12-01 13:02:35 INFO  TestBase:147 - navigating to :-https://www.technavio.com/
2017-12-01 13:02:45 INFO  TestBase:312 - browser closed
2017-12-01 13:02:46 INFO  Retry:37 - Retrying test testexample with status FAILURE for the 1 time(s).
2017-12-01 13:02:46 INFO  Retry:37 - Retrying test testexample with status FAILURE for the 2 time(s).
2017-12-01 13:02:46 INFO  Retry:37 - Retrying test testexample with status FAILURE for the 3 time(s).
2017-12-01 13:02:46 INFO  TestBase:312 - browser closed
2017-12-04 20:34:52 INFO  TestBase:147 - navigating to :-https://www.technavio.com/
2017-12-04 20:35:07 INFO  TestBase:26 - =========== Starting verifyLoginWithInvalidCredentails Test=============
2017-12-04 20:35:11 INFO  TestBase:62 - Browser closed
