<html>
<head>
<title>TestNG:  HomePageTest</title>
<link href="../testng.css" rel="stylesheet" type="text/css" />
<link href="../my-testng.css" rel="stylesheet" type="text/css" />

<style type="text/css">
.log { display: none;} 
.stack-trace { display: none;} 
</style>
<script type="text/javascript">
<!--
function flip(e) {
  current = e.style.display;
  if (current == 'block') {
    e.style.display = 'none';
    return 0;
  }
  else {
    e.style.display = 'block';
    return 1;
  }
}

function toggleBox(szDivId, elem, msg1, msg2)
{
  var res = -1;  if (document.getElementById) {
    res = flip(document.getElementById(szDivId));
  }
  else if (document.all) {
    // this is the way old msie versions work
    res = flip(document.all[szDivId]);
  }
  if(elem) {
    if(res == 0) elem.innerHTML = msg1; else elem.innerHTML = msg2;
  }

}

function toggleAllBoxes() {
  if (document.getElementsByTagName) {
    d = document.getElementsByTagName('div');
    for (i = 0; i < d.length; i++) {
      if (d[i].className == 'log') {
        flip(d[i]);
      }
    }
  }
}

// -->
</script>

</head>
<body>
<h2 align='center'>HomePageTest</h2><table border='1' align="center">
<tr>
<td>Tests passed/Failed/Skipped:</td><td>5/1/7</td>
</tr><tr>
<td>Started on:</td><td>Fri Dec 01 12:23:03 IST 2017</td>
</tr>
<tr><td>Total time:</td><td>85 seconds (85073 ms)</td>
</tr><tr>
<td>Included groups:</td><td></td>
</tr><tr>
<td>Excluded groups:</td><td></td>
</tr>
</table><p/>
<small><i>(Hover the method name to see the test class name)</i></small><p/>
<table width='100%' border='1' class='invocation-failed'>
<tr><td colspan='4' align='center'><b>FAILED TESTS</b></td></tr>
<tr><td><b>Test method</b></td>
<td width="30%"><b>Exception</b></td>
<td width="10%"><b>Time (seconds)</b></td>
<td><b>Instance</b></td>
</tr>
<tr>
<td title='com.test.automation.uiAutomation.homepage.TC002_VerifyRegistration.verifyRegistration()'><b>verifyRegistration</b><br>Test class: com.test.automation.uiAutomation.homepage.TC002_VerifyRegistration<br/>
<a href="#Output-753321708" onClick='toggleBox("Output-753321708", this, "Show output", "Hide output");'>Show output</a>

<a href="#Output-753321708" onClick="toggleAllBoxes();">Show all outputs</a>
<div class='log' id="Output-753321708">
switched to the default Content<br/>
<a href='C:\Users\Sitaram\git\PageObjectWithPageFactoryFramework\src\main\java\com\test\automation\uiAutomation\screenshot\verifyRegistration_01_12_2017_12_23_27.png'> <img src='C:\Users\Sitaram\git\PageObjectWithPageFactoryFramework\src\main\java\com\test\automation\uiAutomation\screenshot\verifyRegistration_01_12_2017_12_23_27.png' height='100' width='100'/> </a><br/>
</div>
</td>
<td><div><pre>java.lang.AssertionError: verifyRegistration expected [true] but found [false]
	at com.test.automation.uiAutomation.homepage.TC002_VerifyRegistration.verifyRegistration(TC002_VerifyRegistration.java:50)
... Removed 28 stack frames</pre></div><a href='#' onClick='toggleBox("stack-trace753321708", this, "Click to show all stack frames", "Click to hide stack frames")'>Click to show all stack frames</a>
<div class='stack-trace' id='stack-trace753321708'><pre>java.lang.AssertionError: verifyRegistration expected [true] but found [false]
	at org.testng.Assert.fail(Assert.java:93)
	at org.testng.Assert.failNotEquals(Assert.java:512)
	at org.testng.Assert.assertTrue(Assert.java:41)
	at com.test.automation.uiAutomation.homepage.TC002_VerifyRegistration.verifyRegistration(TC002_VerifyRegistration.java:50)
	at sun.reflect.NativeMethodAccessorImpl.invoke0(Native Method)
	at sun.reflect.NativeMethodAccessorImpl.invoke(NativeMethodAccessorImpl.java:62)
	at sun.reflect.DelegatingMethodAccessorImpl.invoke(DelegatingMethodAccessorImpl.java:43)
	at java.lang.reflect.Method.invoke(Method.java:498)
	at org.testng.internal.MethodInvocationHelper.invokeMethod(MethodInvocationHelper.java:108)
	at org.testng.internal.Invoker.invokeMethod(Invoker.java:661)
	at org.testng.internal.Invoker.retryFailed(Invoker.java:1014)
	at org.testng.internal.Invoker.invokeTestMethods(Invoker.java:1215)
	at org.testng.internal.TestMethodWorker.invokeTestMethods(TestMethodWorker.java:126)
	at org.testng.internal.TestMethodWorker.run(TestMethodWorker.java:109)
	at org.testng.TestRunner.privateRun(TestRunner.java:744)
	at org.testng.TestRunner.run(TestRunner.java:602)
	at org.testng.SuiteRunner.runTest(SuiteRunner.java:380)
	at org.testng.SuiteRunner.runSequentially(SuiteRunner.java:375)
	at org.testng.SuiteRunner.privateRun(SuiteRunner.java:340)
	at org.testng.SuiteRunner.run(SuiteRunner.java:289)
	at org.testng.SuiteRunnerWorker.runSuite(SuiteRunnerWorker.java:52)
	at org.testng.SuiteRunnerWorker.run(SuiteRunnerWorker.java:86)
	at org.testng.TestNG.runSuitesSequentially(TestNG.java:1301)
	at org.testng.TestNG.runSuitesLocally(TestNG.java:1226)
	at org.testng.TestNG.runSuites(TestNG.java:1144)
	at org.testng.TestNG.run(TestNG.java:1115)
	at org.testng.remote.AbstractRemoteTestNG.run(AbstractRemoteTestNG.java:132)
	at org.testng.remote.RemoteTestNG.initAndRun(RemoteTestNG.java:230)
	at org.testng.remote.RemoteTestNG.main(RemoteTestNG.java:76)
</pre></div></td>
<td>1</td>
<td>com.test.automation.uiAutomation.homepage.TC002_VerifyRegistration@36f0f1be</td></tr>
</table><p>
<table width='100%' border='1' class='invocation-passed'>
<tr><td colspan='4' align='center'><b>PASSED TESTS</b></td></tr>
<tr><td><b>Test method</b></td>
<td width="30%"><b>Exception</b></td>
<td width="10%"><b>Time (seconds)</b></td>
<td><b>Instance</b></td>
</tr>
<tr>
<td title='com.test.automation.uiAutomation.addToCart.TC001_VerifyAaddToCart.verifyAaddToCart()'><b>verifyAaddToCart</b><br>Test class: com.test.automation.uiAutomation.addToCart.TC001_VerifyAaddToCart<br/>
<a href="#Output-207988207" onClick='toggleBox("Output-207988207", this, "Show output", "Hide output");'>Show output</a>

<a href="#Output-207988207" onClick="toggleAllBoxes();">Show all outputs</a>
<div class='log' id="Output-207988207">
<a href='C:\Users\Sitaram\git\PageObjectWithPageFactoryFramework\src\main\java\com\test\automation\uiAutomation\screenshot\verifyAaddToCart_01_12_2017_12_24_10.png'> <img src='C:\Users\Sitaram\git\PageObjectWithPageFactoryFramework\src\main\java\com\test\automation\uiAutomation\screenshot\verifyAaddToCart_01_12_2017_12_24_10.png' height='100' width='100'/> </a><br/>
</div>
</td>
<td></td>
<td>1</td>
<td>com.test.automation.uiAutomation.addToCart.TC001_VerifyAaddToCart@6ee12bac</td></tr>
<tr>
<td title='com.test.automation.uiAutomation.addToCart.TC002_VerifyFacebookLink.verifyFacebookLink()'><b>verifyFacebookLink</b><br>Test class: com.test.automation.uiAutomation.addToCart.TC002_VerifyFacebookLink<br/>
<a href="#Output-1629454900" onClick='toggleBox("Output-1629454900", this, "Show output", "Hide output");'>Show output</a>

<a href="#Output-1629454900" onClick="toggleAllBoxes();">Show all outputs</a>
<div class='log' id="Output-1629454900">
<a href='C:\Users\Sitaram\git\PageObjectWithPageFactoryFramework\src\main\java\com\test\automation\uiAutomation\screenshot\verifyFacebookLink_01_12_2017_12_24_27.png'> <img src='C:\Users\Sitaram\git\PageObjectWithPageFactoryFramework\src\main\java\com\test\automation\uiAutomation\screenshot\verifyFacebookLink_01_12_2017_12_24_27.png' height='100' width='100'/> </a><br/>
</div>
</td>
<td></td>
<td>1</td>
<td>com.test.automation.uiAutomation.addToCart.TC002_VerifyFacebookLink@55040f2f</td></tr>
<tr>
<td title='com.test.automation.uiAutomation.homepage.TC003_VerifyLoginWithDifferentRecords.verifyLoginWithDifferentRecords()'><b>verifyLoginWithDifferentRecords</b><br>Test class: com.test.automation.uiAutomation.homepage.TC003_VerifyLoginWithDifferentRecords<br>Parameters: automation@gmail.com, password, y<br/>
<a href="#Output-1908781622" onClick='toggleBox("Output-1908781622", this, "Show output", "Hide output");'>Show output</a>

<a href="#Output-1908781622" onClick="toggleAllBoxes();">Show all outputs</a>
<div class='log' id="Output-1908781622">
<a href='C:\Users\Sitaram\git\PageObjectWithPageFactoryFramework\src\main\java\com\test\automation\uiAutomation\screenshot\verifyLoginWithDifferentRecords_01_12_2017_12_23_48.png'> <img src='C:\Users\Sitaram\git\PageObjectWithPageFactoryFramework\src\main\java\com\test\automation\uiAutomation\screenshot\verifyLoginWithDifferentRecords_01_12_2017_12_23_48.png' height='100' width='100'/> </a><br/>
</div>
</td>
<td></td>
<td>1</td>
<td>com.test.automation.uiAutomation.homepage.TC003_VerifyLoginWithDifferentRecords@157632c9</td></tr>
<tr>
<td title='com.test.automation.uiAutomation.homepage.TC003_VerifyLoginWithDifferentRecords.verifyLoginWithDifferentRecords()'><b>verifyLoginWithDifferentRecords</b><br>Test class: com.test.automation.uiAutomation.homepage.TC003_VerifyLoginWithDifferentRecords<br>Parameters: automation@gmail.com, password, y<br/>
<a href="#Output-1250582716" onClick='toggleBox("Output-1250582716", this, "Show output", "Hide output");'>Show output</a>

<a href="#Output-1250582716" onClick="toggleAllBoxes();">Show all outputs</a>
<div class='log' id="Output-1250582716">
<a href='C:\Users\Sitaram\git\PageObjectWithPageFactoryFramework\src\main\java\com\test\automation\uiAutomation\screenshot\verifyLoginWithDifferentRecords_01_12_2017_12_23_49.png'> <img src='C:\Users\Sitaram\git\PageObjectWithPageFactoryFramework\src\main\java\com\test\automation\uiAutomation\screenshot\verifyLoginWithDifferentRecords_01_12_2017_12_23_49.png' height='100' width='100'/> </a><br/>
</div>
</td>
<td></td>
<td>0</td>
<td>com.test.automation.uiAutomation.homepage.TC003_VerifyLoginWithDifferentRecords@157632c9</td></tr>
<tr>
<td title='com.test.automation.uiAutomation.homepage.TC003_VerifyLoginWithDifferentRecords.verifyLoginWithDifferentRecords()'><b>verifyLoginWithDifferentRecords</b><br>Test class: com.test.automation.uiAutomation.homepage.TC003_VerifyLoginWithDifferentRecords<br>Parameters: automation@gmail.com, password, y<br/>
<a href="#Output-88301993" onClick='toggleBox("Output-88301993", this, "Show output", "Hide output");'>Show output</a>

<a href="#Output-88301993" onClick="toggleAllBoxes();">Show all outputs</a>
<div class='log' id="Output-88301993">
<a href='C:\Users\Sitaram\git\PageObjectWithPageFactoryFramework\src\main\java\com\test\automation\uiAutomation\screenshot\verifyLoginWithDifferentRecords_01_12_2017_12_23_50.png'> <img src='C:\Users\Sitaram\git\PageObjectWithPageFactoryFramework\src\main\java\com\test\automation\uiAutomation\screenshot\verifyLoginWithDifferentRecords_01_12_2017_12_23_50.png' height='100' width='100'/> </a><br/>
</div>
</td>
<td></td>
<td>0</td>
<td>com.test.automation.uiAutomation.homepage.TC003_VerifyLoginWithDifferentRecords@157632c9</td></tr>
</table><p>
<table width='100%' border='1' class='invocation-skipped'>
<tr><td colspan='4' align='center'><b>SKIPPED TESTS</b></td></tr>
<tr><td><b>Test method</b></td>
<td width="30%"><b>Exception</b></td>
<td width="10%"><b>Time (seconds)</b></td>
<td><b>Instance</b></td>
</tr>
<tr>
<td title='com.test.automation.uiAutomation.homepage.TC003_VerifyLoginWithDifferentRecords.verifyLoginWithDifferentRecords()'><b>verifyLoginWithDifferentRecords</b><br>Test class: com.test.automation.uiAutomation.homepage.TC003_VerifyLoginWithDifferentRecords<br>Parameters: automation@gmail.com, password, n</td>
<td><div><pre>org.testng.SkipException: user marked this record as no run
	at com.test.automation.uiAutomation.homepage.TC003_VerifyLoginWithDifferentRecords.verifyLoginWithDifferentRecords(TC003_VerifyLoginWithDifferentRecords.java:42)
... Removed 25 stack frames</pre></div><a href='#' onClick='toggleBox("stack-trace677217562", this, "Click to show all stack frames", "Click to hide stack frames")'>Click to show all stack frames</a>
<div class='stack-trace' id='stack-trace677217562'><pre>org.testng.SkipException: user marked this record as no run
	at com.test.automation.uiAutomation.homepage.TC003_VerifyLoginWithDifferentRecords.verifyLoginWithDifferentRecords(TC003_VerifyLoginWithDifferentRecords.java:42)
	at sun.reflect.NativeMethodAccessorImpl.invoke0(Native Method)
	at sun.reflect.NativeMethodAccessorImpl.invoke(NativeMethodAccessorImpl.java:62)
	at sun.reflect.DelegatingMethodAccessorImpl.invoke(DelegatingMethodAccessorImpl.java:43)
	at java.lang.reflect.Method.invoke(Method.java:498)
	at org.testng.internal.MethodInvocationHelper.invokeMethod(MethodInvocationHelper.java:108)
	at org.testng.internal.Invoker.invokeMethod(Invoker.java:661)
	at org.testng.internal.Invoker.invokeTestMethod(Invoker.java:869)
	at org.testng.internal.Invoker.invokeTestMethods(Invoker.java:1193)
	at org.testng.internal.TestMethodWorker.invokeTestMethods(TestMethodWorker.java:126)
	at org.testng.internal.TestMethodWorker.run(TestMethodWorker.java:109)
	at org.testng.TestRunner.privateRun(TestRunner.java:744)
	at org.testng.TestRunner.run(TestRunner.java:602)
	at org.testng.SuiteRunner.runTest(SuiteRunner.java:380)
	at org.testng.SuiteRunner.runSequentially(SuiteRunner.java:375)
	at org.testng.SuiteRunner.privateRun(SuiteRunner.java:340)
	at org.testng.SuiteRunner.run(SuiteRunner.java:289)
	at org.testng.SuiteRunnerWorker.runSuite(SuiteRunnerWorker.java:52)
	at org.testng.SuiteRunnerWorker.run(SuiteRunnerWorker.java:86)
	at org.testng.TestNG.runSuitesSequentially(TestNG.java:1301)
	at org.testng.TestNG.runSuitesLocally(TestNG.java:1226)
	at org.testng.TestNG.runSuites(TestNG.java:1144)
	at org.testng.TestNG.run(TestNG.java:1115)
	at org.testng.remote.AbstractRemoteTestNG.run(AbstractRemoteTestNG.java:132)
	at org.testng.remote.RemoteTestNG.initAndRun(RemoteTestNG.java:230)
	at org.testng.remote.RemoteTestNG.main(RemoteTestNG.java:76)
</pre></div></td>
<td>0</td>
<td>com.test.automation.uiAutomation.homepage.TC003_VerifyLoginWithDifferentRecords@157632c9</td></tr>
<tr>
<td title='com.test.automation.uiAutomation.homepage.TC003_VerifyLoginWithDifferentRecords.verifyLoginWithDifferentRecords()'><b>verifyLoginWithDifferentRecords</b><br>Test class: com.test.automation.uiAutomation.homepage.TC003_VerifyLoginWithDifferentRecords<br>Parameters: automation@gmail.com, password, n</td>
<td><div><pre>org.testng.SkipException: user marked this record as no run
	at com.test.automation.uiAutomation.homepage.TC003_VerifyLoginWithDifferentRecords.verifyLoginWithDifferentRecords(TC003_VerifyLoginWithDifferentRecords.java:42)
... Removed 25 stack frames</pre></div><a href='#' onClick='toggleBox("stack-trace1360541835", this, "Click to show all stack frames", "Click to hide stack frames")'>Click to show all stack frames</a>
<div class='stack-trace' id='stack-trace1360541835'><pre>org.testng.SkipException: user marked this record as no run
	at com.test.automation.uiAutomation.homepage.TC003_VerifyLoginWithDifferentRecords.verifyLoginWithDifferentRecords(TC003_VerifyLoginWithDifferentRecords.java:42)
	at sun.reflect.NativeMethodAccessorImpl.invoke0(Native Method)
	at sun.reflect.NativeMethodAccessorImpl.invoke(NativeMethodAccessorImpl.java:62)
	at sun.reflect.DelegatingMethodAccessorImpl.invoke(DelegatingMethodAccessorImpl.java:43)
	at java.lang.reflect.Method.invoke(Method.java:498)
	at org.testng.internal.MethodInvocationHelper.invokeMethod(MethodInvocationHelper.java:108)
	at org.testng.internal.Invoker.invokeMethod(Invoker.java:661)
	at org.testng.internal.Invoker.invokeTestMethod(Invoker.java:869)
	at org.testng.internal.Invoker.invokeTestMethods(Invoker.java:1193)
	at org.testng.internal.TestMethodWorker.invokeTestMethods(TestMethodWorker.java:126)
	at org.testng.internal.TestMethodWorker.run(TestMethodWorker.java:109)
	at org.testng.TestRunner.privateRun(TestRunner.java:744)
	at org.testng.TestRunner.run(TestRunner.java:602)
	at org.testng.SuiteRunner.runTest(SuiteRunner.java:380)
	at org.testng.SuiteRunner.runSequentially(SuiteRunner.java:375)
	at org.testng.SuiteRunner.privateRun(SuiteRunner.java:340)
	at org.testng.SuiteRunner.run(SuiteRunner.java:289)
	at org.testng.SuiteRunnerWorker.runSuite(SuiteRunnerWorker.java:52)
	at org.testng.SuiteRunnerWorker.run(SuiteRunnerWorker.java:86)
	at org.testng.TestNG.runSuitesSequentially(TestNG.java:1301)
	at org.testng.TestNG.runSuitesLocally(TestNG.java:1226)
	at org.testng.TestNG.runSuites(TestNG.java:1144)
	at org.testng.TestNG.run(TestNG.java:1115)
	at org.testng.remote.AbstractRemoteTestNG.run(AbstractRemoteTestNG.java:132)
	at org.testng.remote.RemoteTestNG.initAndRun(RemoteTestNG.java:230)
	at org.testng.remote.RemoteTestNG.main(RemoteTestNG.java:76)
</pre></div></td>
<td>0</td>
<td>com.test.automation.uiAutomation.homepage.TC003_VerifyLoginWithDifferentRecords@157632c9</td></tr>
<tr>
<td title='com.test.automation.uiAutomation.homepage.TC003_VerifyLoginWithDifferentRecords.verifyLoginWithDifferentRecords()'><b>verifyLoginWithDifferentRecords</b><br>Test class: com.test.automation.uiAutomation.homepage.TC003_VerifyLoginWithDifferentRecords<br>Parameters: automation@gmail.com, password, n</td>
<td><div><pre>org.testng.SkipException: user marked this record as no run
	at com.test.automation.uiAutomation.homepage.TC003_VerifyLoginWithDifferentRecords.verifyLoginWithDifferentRecords(TC003_VerifyLoginWithDifferentRecords.java:42)
... Removed 25 stack frames</pre></div><a href='#' onClick='toggleBox("stack-trace1245593227", this, "Click to show all stack frames", "Click to hide stack frames")'>Click to show all stack frames</a>
<div class='stack-trace' id='stack-trace1245593227'><pre>org.testng.SkipException: user marked this record as no run
	at com.test.automation.uiAutomation.homepage.TC003_VerifyLoginWithDifferentRecords.verifyLoginWithDifferentRecords(TC003_VerifyLoginWithDifferentRecords.java:42)
	at sun.reflect.NativeMethodAccessorImpl.invoke0(Native Method)
	at sun.reflect.NativeMethodAccessorImpl.invoke(NativeMethodAccessorImpl.java:62)
	at sun.reflect.DelegatingMethodAccessorImpl.invoke(DelegatingMethodAccessorImpl.java:43)
	at java.lang.reflect.Method.invoke(Method.java:498)
	at org.testng.internal.MethodInvocationHelper.invokeMethod(MethodInvocationHelper.java:108)
	at org.testng.internal.Invoker.invokeMethod(Invoker.java:661)
	at org.testng.internal.Invoker.invokeTestMethod(Invoker.java:869)
	at org.testng.internal.Invoker.invokeTestMethods(Invoker.java:1193)
	at org.testng.internal.TestMethodWorker.invokeTestMethods(TestMethodWorker.java:126)
	at org.testng.internal.TestMethodWorker.run(TestMethodWorker.java:109)
	at org.testng.TestRunner.privateRun(TestRunner.java:744)
	at org.testng.TestRunner.run(TestRunner.java:602)
	at org.testng.SuiteRunner.runTest(SuiteRunner.java:380)
	at org.testng.SuiteRunner.runSequentially(SuiteRunner.java:375)
	at org.testng.SuiteRunner.privateRun(SuiteRunner.java:340)
	at org.testng.SuiteRunner.run(SuiteRunner.java:289)
	at org.testng.SuiteRunnerWorker.runSuite(SuiteRunnerWorker.java:52)
	at org.testng.SuiteRunnerWorker.run(SuiteRunnerWorker.java:86)
	at org.testng.TestNG.runSuitesSequentially(TestNG.java:1301)
	at org.testng.TestNG.runSuitesLocally(TestNG.java:1226)
	at org.testng.TestNG.runSuites(TestNG.java:1144)
	at org.testng.TestNG.run(TestNG.java:1115)
	at org.testng.remote.AbstractRemoteTestNG.run(AbstractRemoteTestNG.java:132)
	at org.testng.remote.RemoteTestNG.initAndRun(RemoteTestNG.java:230)
	at org.testng.remote.RemoteTestNG.main(RemoteTestNG.java:76)
</pre></div></td>
<td>0</td>
<td>com.test.automation.uiAutomation.homepage.TC003_VerifyLoginWithDifferentRecords@157632c9</td></tr>
<tr>
<td title='com.test.automation.uiAutomation.homepage.TC003_VerifyLoginWithDifferentRecords.verifyLoginWithDifferentRecords()'><b>verifyLoginWithDifferentRecords</b><br>Test class: com.test.automation.uiAutomation.homepage.TC003_VerifyLoginWithDifferentRecords<br>Parameters: automation@gmail.com, password, n</td>
<td><div><pre>org.testng.SkipException: user marked this record as no run
	at com.test.automation.uiAutomation.homepage.TC003_VerifyLoginWithDifferentRecords.verifyLoginWithDifferentRecords(TC003_VerifyLoginWithDifferentRecords.java:42)
... Removed 25 stack frames</pre></div><a href='#' onClick='toggleBox("stack-trace1233505227", this, "Click to show all stack frames", "Click to hide stack frames")'>Click to show all stack frames</a>
<div class='stack-trace' id='stack-trace1233505227'><pre>org.testng.SkipException: user marked this record as no run
	at com.test.automation.uiAutomation.homepage.TC003_VerifyLoginWithDifferentRecords.verifyLoginWithDifferentRecords(TC003_VerifyLoginWithDifferentRecords.java:42)
	at sun.reflect.NativeMethodAccessorImpl.invoke0(Native Method)
	at sun.reflect.NativeMethodAccessorImpl.invoke(NativeMethodAccessorImpl.java:62)
	at sun.reflect.DelegatingMethodAccessorImpl.invoke(DelegatingMethodAccessorImpl.java:43)
	at java.lang.reflect.Method.invoke(Method.java:498)
	at org.testng.internal.MethodInvocationHelper.invokeMethod(MethodInvocationHelper.java:108)
	at org.testng.internal.Invoker.invokeMethod(Invoker.java:661)
	at org.testng.internal.Invoker.invokeTestMethod(Invoker.java:869)
	at org.testng.internal.Invoker.invokeTestMethods(Invoker.java:1193)
	at org.testng.internal.TestMethodWorker.invokeTestMethods(TestMethodWorker.java:126)
	at org.testng.internal.TestMethodWorker.run(TestMethodWorker.java:109)
	at org.testng.TestRunner.privateRun(TestRunner.java:744)
	at org.testng.TestRunner.run(TestRunner.java:602)
	at org.testng.SuiteRunner.runTest(SuiteRunner.java:380)
	at org.testng.SuiteRunner.runSequentially(SuiteRunner.java:375)
	at org.testng.SuiteRunner.privateRun(SuiteRunner.java:340)
	at org.testng.SuiteRunner.run(SuiteRunner.java:289)
	at org.testng.SuiteRunnerWorker.runSuite(SuiteRunnerWorker.java:52)
	at org.testng.SuiteRunnerWorker.run(SuiteRunnerWorker.java:86)
	at org.testng.TestNG.runSuitesSequentially(TestNG.java:1301)
	at org.testng.TestNG.runSuitesLocally(TestNG.java:1226)
	at org.testng.TestNG.runSuites(TestNG.java:1144)
	at org.testng.TestNG.run(TestNG.java:1115)
	at org.testng.remote.AbstractRemoteTestNG.run(AbstractRemoteTestNG.java:132)
	at org.testng.remote.RemoteTestNG.initAndRun(RemoteTestNG.java:230)
	at org.testng.remote.RemoteTestNG.main(RemoteTestNG.java:76)
</pre></div></td>
<td>0</td>
<td>com.test.automation.uiAutomation.homepage.TC003_VerifyLoginWithDifferentRecords@157632c9</td></tr>
<tr>
<td title='com.test.automation.uiAutomation.homepage.TC002_VerifyRegistration.verifyRegistration()'><b>verifyRegistration</b><br>Test class: com.test.automation.uiAutomation.homepage.TC002_VerifyRegistration<br/>
<a href="#Output-451460284" onClick='toggleBox("Output-451460284", this, "Show output", "Hide output");'>Show output</a>

<a href="#Output-451460284" onClick="toggleAllBoxes();">Show all outputs</a>
<div class='log' id="Output-451460284">
switched to the default Content<br/>
<a href='C:\Users\Sitaram\git\PageObjectWithPageFactoryFramework\src\main\java\com\test\automation\uiAutomation\screenshot\verifyRegistration_01_12_2017_12_23_22.png'> <img src='C:\Users\Sitaram\git\PageObjectWithPageFactoryFramework\src\main\java\com\test\automation\uiAutomation\screenshot\verifyRegistration_01_12_2017_12_23_22.png' height='100' width='100'/> </a><br/>
Retrying test verifyRegistration with status FAILURE for the 1 time(s).<br/>
</div>
</td>
<td><div><pre>java.lang.AssertionError: verifyRegistration expected [true] but found [false]
	at com.test.automation.uiAutomation.homepage.TC002_VerifyRegistration.verifyRegistration(TC002_VerifyRegistration.java:50)
... Removed 28 stack frames</pre></div><a href='#' onClick='toggleBox("stack-trace451460284", this, "Click to show all stack frames", "Click to hide stack frames")'>Click to show all stack frames</a>
<div class='stack-trace' id='stack-trace451460284'><pre>java.lang.AssertionError: verifyRegistration expected [true] but found [false]
	at org.testng.Assert.fail(Assert.java:93)
	at org.testng.Assert.failNotEquals(Assert.java:512)
	at org.testng.Assert.assertTrue(Assert.java:41)
	at com.test.automation.uiAutomation.homepage.TC002_VerifyRegistration.verifyRegistration(TC002_VerifyRegistration.java:50)
	at sun.reflect.NativeMethodAccessorImpl.invoke0(Native Method)
	at sun.reflect.NativeMethodAccessorImpl.invoke(NativeMethodAccessorImpl.java:62)
	at sun.reflect.DelegatingMethodAccessorImpl.invoke(DelegatingMethodAccessorImpl.java:43)
	at java.lang.reflect.Method.invoke(Method.java:498)
	at org.testng.internal.MethodInvocationHelper.invokeMethod(MethodInvocationHelper.java:108)
	at org.testng.internal.Invoker.invokeMethod(Invoker.java:661)
	at org.testng.internal.Invoker.invokeTestMethod(Invoker.java:869)
	at org.testng.internal.Invoker.invokeTestMethods(Invoker.java:1193)
	at org.testng.internal.TestMethodWorker.invokeTestMethods(TestMethodWorker.java:126)
	at org.testng.internal.TestMethodWorker.run(TestMethodWorker.java:109)
	at org.testng.TestRunner.privateRun(TestRunner.java:744)
	at org.testng.TestRunner.run(TestRunner.java:602)
	at org.testng.SuiteRunner.runTest(SuiteRunner.java:380)
	at org.testng.SuiteRunner.runSequentially(SuiteRunner.java:375)
	at org.testng.SuiteRunner.privateRun(SuiteRunner.java:340)
	at org.testng.SuiteRunner.run(SuiteRunner.java:289)
	at org.testng.SuiteRunnerWorker.runSuite(SuiteRunnerWorker.java:52)
	at org.testng.SuiteRunnerWorker.run(SuiteRunnerWorker.java:86)
	at org.testng.TestNG.runSuitesSequentially(TestNG.java:1301)
	at org.testng.TestNG.runSuitesLocally(TestNG.java:1226)
	at org.testng.TestNG.runSuites(TestNG.java:1144)
	at org.testng.TestNG.run(TestNG.java:1115)
	at org.testng.remote.AbstractRemoteTestNG.run(AbstractRemoteTestNG.java:132)
	at org.testng.remote.RemoteTestNG.initAndRun(RemoteTestNG.java:230)
	at org.testng.remote.RemoteTestNG.main(RemoteTestNG.java:76)
</pre></div></td>
<td>2</td>
<td>com.test.automation.uiAutomation.homepage.TC002_VerifyRegistration@36f0f1be</td></tr>
<tr>
<td title='com.test.automation.uiAutomation.homepage.TC002_VerifyRegistration.verifyRegistration()'><b>verifyRegistration</b><br>Test class: com.test.automation.uiAutomation.homepage.TC002_VerifyRegistration<br/>
<a href="#Output-817686795" onClick='toggleBox("Output-817686795", this, "Show output", "Hide output");'>Show output</a>

<a href="#Output-817686795" onClick="toggleAllBoxes();">Show all outputs</a>
<div class='log' id="Output-817686795">
switched to the default Content<br/>
<a href='C:\Users\Sitaram\git\PageObjectWithPageFactoryFramework\src\main\java\com\test\automation\uiAutomation\screenshot\verifyRegistration_01_12_2017_12_23_24.png'> <img src='C:\Users\Sitaram\git\PageObjectWithPageFactoryFramework\src\main\java\com\test\automation\uiAutomation\screenshot\verifyRegistration_01_12_2017_12_23_24.png' height='100' width='100'/> </a><br/>
Retrying test verifyRegistration with status FAILURE for the 2 time(s).<br/>
</div>
</td>
<td><div><pre>java.lang.AssertionError: verifyRegistration expected [true] but found [false]
	at com.test.automation.uiAutomation.homepage.TC002_VerifyRegistration.verifyRegistration(TC002_VerifyRegistration.java:50)
... Removed 28 stack frames</pre></div><a href='#' onClick='toggleBox("stack-trace817686795", this, "Click to show all stack frames", "Click to hide stack frames")'>Click to show all stack frames</a>
<div class='stack-trace' id='stack-trace817686795'><pre>java.lang.AssertionError: verifyRegistration expected [true] but found [false]
	at org.testng.Assert.fail(Assert.java:93)
	at org.testng.Assert.failNotEquals(Assert.java:512)
	at org.testng.Assert.assertTrue(Assert.java:41)
	at com.test.automation.uiAutomation.homepage.TC002_VerifyRegistration.verifyRegistration(TC002_VerifyRegistration.java:50)
	at sun.reflect.NativeMethodAccessorImpl.invoke0(Native Method)
	at sun.reflect.NativeMethodAccessorImpl.invoke(NativeMethodAccessorImpl.java:62)
	at sun.reflect.DelegatingMethodAccessorImpl.invoke(DelegatingMethodAccessorImpl.java:43)
	at java.lang.reflect.Method.invoke(Method.java:498)
	at org.testng.internal.MethodInvocationHelper.invokeMethod(MethodInvocationHelper.java:108)
	at org.testng.internal.Invoker.invokeMethod(Invoker.java:661)
	at org.testng.internal.Invoker.retryFailed(Invoker.java:1014)
	at org.testng.internal.Invoker.invokeTestMethods(Invoker.java:1215)
	at org.testng.internal.TestMethodWorker.invokeTestMethods(TestMethodWorker.java:126)
	at org.testng.internal.TestMethodWorker.run(TestMethodWorker.java:109)
	at org.testng.TestRunner.privateRun(TestRunner.java:744)
	at org.testng.TestRunner.run(TestRunner.java:602)
	at org.testng.SuiteRunner.runTest(SuiteRunner.java:380)
	at org.testng.SuiteRunner.runSequentially(SuiteRunner.java:375)
	at org.testng.SuiteRunner.privateRun(SuiteRunner.java:340)
	at org.testng.SuiteRunner.run(SuiteRunner.java:289)
	at org.testng.SuiteRunnerWorker.runSuite(SuiteRunnerWorker.java:52)
	at org.testng.SuiteRunnerWorker.run(SuiteRunnerWorker.java:86)
	at org.testng.TestNG.runSuitesSequentially(TestNG.java:1301)
	at org.testng.TestNG.runSuitesLocally(TestNG.java:1226)
	at org.testng.TestNG.runSuites(TestNG.java:1144)
	at org.testng.TestNG.run(TestNG.java:1115)
	at org.testng.remote.AbstractRemoteTestNG.run(AbstractRemoteTestNG.java:132)
	at org.testng.remote.RemoteTestNG.initAndRun(RemoteTestNG.java:230)
	at org.testng.remote.RemoteTestNG.main(RemoteTestNG.java:76)
</pre></div></td>
<td>1</td>
<td>com.test.automation.uiAutomation.homepage.TC002_VerifyRegistration@36f0f1be</td></tr>
<tr>
<td title='com.test.automation.uiAutomation.homepage.TC002_VerifyRegistration.verifyRegistration()'><b>verifyRegistration</b><br>Test class: com.test.automation.uiAutomation.homepage.TC002_VerifyRegistration<br/>
<a href="#Output-110053477" onClick='toggleBox("Output-110053477", this, "Show output", "Hide output");'>Show output</a>

<a href="#Output-110053477" onClick="toggleAllBoxes();">Show all outputs</a>
<div class='log' id="Output-110053477">
switched to the default Content<br/>
<a href='C:\Users\Sitaram\git\PageObjectWithPageFactoryFramework\src\main\java\com\test\automation\uiAutomation\screenshot\verifyRegistration_01_12_2017_12_23_25.png'> <img src='C:\Users\Sitaram\git\PageObjectWithPageFactoryFramework\src\main\java\com\test\automation\uiAutomation\screenshot\verifyRegistration_01_12_2017_12_23_25.png' height='100' width='100'/> </a><br/>
Retrying test verifyRegistration with status FAILURE for the 3 time(s).<br/>
</div>
</td>
<td><div><pre>java.lang.AssertionError: verifyRegistration expected [true] but found [false]
	at com.test.automation.uiAutomation.homepage.TC002_VerifyRegistration.verifyRegistration(TC002_VerifyRegistration.java:50)
... Removed 28 stack frames</pre></div><a href='#' onClick='toggleBox("stack-trace110053477", this, "Click to show all stack frames", "Click to hide stack frames")'>Click to show all stack frames</a>
<div class='stack-trace' id='stack-trace110053477'><pre>java.lang.AssertionError: verifyRegistration expected [true] but found [false]
	at org.testng.Assert.fail(Assert.java:93)
	at org.testng.Assert.failNotEquals(Assert.java:512)
	at org.testng.Assert.assertTrue(Assert.java:41)
	at com.test.automation.uiAutomation.homepage.TC002_VerifyRegistration.verifyRegistration(TC002_VerifyRegistration.java:50)
	at sun.reflect.NativeMethodAccessorImpl.invoke0(Native Method)
	at sun.reflect.NativeMethodAccessorImpl.invoke(NativeMethodAccessorImpl.java:62)
	at sun.reflect.DelegatingMethodAccessorImpl.invoke(DelegatingMethodAccessorImpl.java:43)
	at java.lang.reflect.Method.invoke(Method.java:498)
	at org.testng.internal.MethodInvocationHelper.invokeMethod(MethodInvocationHelper.java:108)
	at org.testng.internal.Invoker.invokeMethod(Invoker.java:661)
	at org.testng.internal.Invoker.retryFailed(Invoker.java:1014)
	at org.testng.internal.Invoker.invokeTestMethods(Invoker.java:1215)
	at org.testng.internal.TestMethodWorker.invokeTestMethods(TestMethodWorker.java:126)
	at org.testng.internal.TestMethodWorker.run(TestMethodWorker.java:109)
	at org.testng.TestRunner.privateRun(TestRunner.java:744)
	at org.testng.TestRunner.run(TestRunner.java:602)
	at org.testng.SuiteRunner.runTest(SuiteRunner.java:380)
	at org.testng.SuiteRunner.runSequentially(SuiteRunner.java:375)
	at org.testng.SuiteRunner.privateRun(SuiteRunner.java:340)
	at org.testng.SuiteRunner.run(SuiteRunner.java:289)
	at org.testng.SuiteRunnerWorker.runSuite(SuiteRunnerWorker.java:52)
	at org.testng.SuiteRunnerWorker.run(SuiteRunnerWorker.java:86)
	at org.testng.TestNG.runSuitesSequentially(TestNG.java:1301)
	at org.testng.TestNG.runSuitesLocally(TestNG.java:1226)
	at org.testng.TestNG.runSuites(TestNG.java:1144)
	at org.testng.TestNG.run(TestNG.java:1115)
	at org.testng.remote.AbstractRemoteTestNG.run(AbstractRemoteTestNG.java:132)
	at org.testng.remote.RemoteTestNG.initAndRun(RemoteTestNG.java:230)
	at org.testng.remote.RemoteTestNG.main(RemoteTestNG.java:76)
</pre></div></td>
<td>1</td>
<td>com.test.automation.uiAutomation.homepage.TC002_VerifyRegistration@36f0f1be</td></tr>
</table><p>
</body>
</html>