<?xml version="1.0" encoding="UTF-8"?>
<!-- Generated by org.testng.reporters.JUnitXMLReporter -->
<testsuite hostname="IR-347" ignored="0" name="Test" tests="10" failures="1" timestamp="01 Dec 2017 07:32:46 GMT" time="15.049" errors="0">
  <testcase name="@AfterMethod afterMethod" time="0.006" classname="com.test.automation.uiAutomation.testBase.TestBase">
    <failure type="java.lang.NullPointerException">
      <![CDATA[java.lang.NullPointerException
	at com.test.automation.uiAutomation.testBase.TestBase.captureScreen(TestBase.java:256)
	at com.test.automation.uiAutomation.testBase.TestBase.getresult(TestBase.java:287)
	at com.test.automation.uiAutomation.testBase.TestBase.afterMethod(TestBase.java:296)
... Removed 27 stack frames]]>
    </failure>
  </testcase> <!-- @AfterMethod afterMethod -->
  <testcase name="@BeforeMethod beforeMethod" time="0.0" classname="com.test.automation.uiAutomation.testBase.TestBase">
    <skipped/>
  </testcase> <!-- @BeforeMethod beforeMethod -->
  <testcase name="@BeforeClass setup" time="0.0" classname="Moduleone.TNSearchtheReport">
    <skipped/>
  </testcase> <!-- @BeforeClass setup -->
  <testcase name="@BeforeMethod beforeMethod" time="0.0" classname="com.test.automation.uiAutomation.testBase.TestBase">
    <skipped/>
  </testcase> <!-- @BeforeMethod beforeMethod -->
  <testcase name="@BeforeMethod beforeMethod" time="0.0" classname="com.test.automation.uiAutomation.testBase.TestBase">
    <skipped/>
  </testcase> <!-- @BeforeMethod beforeMethod -->
  <testcase name="@BeforeMethod beforeMethod" time="0.0" classname="com.test.automation.uiAutomation.testBase.TestBase">
    <skipped/>
  </testcase> <!-- @BeforeMethod beforeMethod -->
  <testcase name="@BeforeMethod beforeMethod" time="0.0" classname="com.test.automation.uiAutomation.testBase.TestBase">
    <skipped/>
  </testcase> <!-- @BeforeMethod beforeMethod -->
  <testcase name="@AfterClass endTest" time="0.0" classname="Moduleone.TNSearchtheReport">
    <skipped/>
  </testcase> <!-- @AfterClass endTest -->
  <testcase name="clickonreport" time="0.014" classname="Moduleone.AddToCartReport"/>
  <testcase name="testexample" time="0.013" classname="Moduletwo.Moduletwotestcaseone">
    <skipped/>
  </testcase> <!-- testexample -->
  <testcase name="testexample" time="0.003" classname="Moduletwo.Moduletwotestcaseone">
    <skipped/>
  </testcase> <!-- testexample -->
  <testcase name="testexample" time="0.003" classname="Moduletwo.Moduletwotestcaseone">
    <skipped/>
  </testcase> <!-- testexample -->
  <testcase name="testexample" time="0.003" classname="Moduletwo.Moduletwotestcaseone">
    <failure type="java.lang.AssertionError" message="expected [true] but found [false]">
      <![CDATA[java.lang.AssertionError: expected [true] but found [false]
	at Moduletwo.Moduletwotestcaseone.testexample(Moduletwotestcaseone.java:13)
... Removed 29 stack frames]]>
    </failure>
  </testcase> <!-- testexample -->
  <testcase name="testexampletwo" time="0.0" classname="Moduletwo.Moduletwotestcaseone">
    <skipped/>
  </testcase> <!-- testexampletwo -->
  <testcase name="clickonbuynowbtn" time="0.0" classname="Moduleone.TNSearchtheReport">
    <skipped/>
  </testcase> <!-- clickonbuynowbtn -->
  <testcase name="clickonreport" time="0.0" classname="Moduleone.TNSearchtheReport">
    <skipped/>
  </testcase> <!-- clickonreport -->
  <testcase name="openreport" time="0.0" classname="Moduleone.TNSearchtheReport">
    <skipped/>
  </testcase> <!-- openreport -->
  <testcase name="verifySerchReportonTN" time="0.0" classname="Moduleone.TNSearchtheReport">
    <skipped/>
  </testcase> <!-- verifySerchReportonTN -->
</testsuite> <!-- Test -->
